TACC: Starting up job 8156646
TACC: Setting up parallel environment for MVAPICH2+mpispawn.
TACC: Starting parallel tasks...
(83852, 1) -0.0024597 1.456054
max z from 0 to 0.2
26276 (26276, 1) 5.52e-06 0.199986
X_init type = <type 'numpy.ndarray'>, y_init type = <type 'numpy.ndarray'>
X_init.shape = (26276, 4, 48, 48), X_init.min = 0.0, X_init.max = 1.0
y_init.shape = (26276, 1), y_init.min = 0.0, y_init.max = 1.0
X.shape = (21020, 4, 48, 48), X.min = 0.0, X.max = 1.0
y.shape = (21020, 1), y.min = 0.0, y.max = 1.0
# Neural Network with 11227905 learnable parameters

## Layer information

name      size         total    cap.Y    cap.X    cov.Y    cov.X
--------  ---------  -------  -------  -------  -------  -------
input     4x44x44       7744   100.00   100.00   100.00   100.00
conv11    32x40x40     51200   100.00   100.00    11.36    11.36
conv12    32x40x40     51200    42.86    42.86    15.91    15.91
pool1     32x20x20     12800    42.86    42.86    15.91    15.91
conv21    64x20x20     25600    54.55    54.55    25.00    25.00
conv22    64x20x20     25600    40.00    40.00    34.09    34.09
conv23    64x20x20     25600    31.58    31.58    43.18    43.18
pool2     64x10x10      6400    31.58    31.58    43.18    43.18
conv31    128x10x10    12800    44.44    44.44    61.36    61.36
conv32    128x10x10    12800    34.29    34.29    79.55    79.55
conv33    128x10x10    12800    27.91    27.91    97.73    97.73
pool3     128x5x5       3200    27.91    27.91    97.73    97.73
hidden4   2048          2048   100.00   100.00   100.00   100.00
dropout4  2048          2048   100.00   100.00   100.00   100.00
hidden5   2048          2048   100.00   100.00   100.00   100.00
dropout5  2048          2048   100.00   100.00   100.00   100.00
output    1                1   100.00   100.00   100.00   100.00

Explanation
    X, Y:    image dimensions
    cap.:    learning capacity
    cov.:    coverage of image
    [35mmagenta[0m: capacity too low (<1/6)
    [36mcyan[0m:    image coverage too high (>100%)
    [31mred[0m:     capacity too low and coverage too high


  epoch    trn loss    val loss    trn/val  dur
-------  ----------  ----------  ---------  ------
      1     [36m0.22511[0m     [32m0.12394[0m    1.81625  87.66s
      2     [36m0.08898[0m     [32m0.05560[0m    1.60037  86.06s
      3     [36m0.05496[0m     [32m0.05091[0m    1.07954  86.08s
      4     [36m0.05252[0m     0.05134    1.02294  86.04s
      5     [36m0.05214[0m     0.05138    1.01477  86.04s
      6     0.05222     0.05132    1.01752  86.12s
      7     [36m0.05210[0m     0.05135    1.01463  86.14s
      8     [36m0.05208[0m     0.05128    1.01572  86.17s
      9     [36m0.05184[0m     0.05123    1.01201  86.13s
     10     [36m0.05179[0m     0.05123    1.01091  86.13s
     11     0.05191     0.05118    1.01438  86.09s
     12     0.05207     0.05116    1.01777  86.06s
     13     [36m0.05169[0m     0.05118    1.01009  86.05s
     14     [36m0.05162[0m     0.05114    1.00938  86.06s
     15     0.05174     0.05110    1.01260  86.08s
     16     [36m0.05158[0m     0.05110    1.00929  86.10s
     17     0.05177     0.05105    1.01405  86.01s
     18     0.05159     0.05105    1.01061  86.04s
     19     0.05175     0.05103    1.01404  86.05s
     20     0.05161     0.05102    1.01169  86.04s
     21     [36m0.05153[0m     0.05099    1.01060  86.06s
     22     [36m0.05152[0m     0.05099    1.01041  86.03s
     23     0.05154     0.05096    1.01135  86.05s
     24     [36m0.05148[0m     0.05094    1.01055  86.09s
     25     0.05161     [32m0.05090[0m    1.01406  86.04s
     26     [36m0.05142[0m     0.05090    1.01020  86.08s
     27     [36m0.05142[0m     [32m0.05088[0m    1.01050  86.08s
     28     [36m0.05141[0m     [32m0.05086[0m    1.01076  86.08s
     29     [36m0.05125[0m     0.05088    1.00731  86.09s
     30     0.05153     [32m0.05084[0m    1.01348  86.10s
     31     0.05139     [32m0.05083[0m    1.01112  86.13s
     32     0.05152     [32m0.05083[0m    1.01357  86.03s
     33     0.05125     [32m0.05082[0m    1.00860  86.06s
     34     0.05128     [32m0.05081[0m    1.00934  86.06s
     35     0.05125     [32m0.05080[0m    1.00893  86.09s
     36     [36m0.05122[0m     [32m0.05080[0m    1.00830  86.05s
     37     0.05155     [32m0.05077[0m    1.01531  86.05s
     38     [36m0.05116[0m     0.05078    1.00764  86.08s
     39     0.05124     0.05078    1.00904  86.13s
     40     0.05121     [32m0.05076[0m    1.00890  86.12s
     41     0.05127     [32m0.05074[0m    1.01048  86.11s
     42     0.05119     [32m0.05073[0m    1.00908  86.15s
     43     0.05128     [32m0.05072[0m    1.01099  86.08s
     44     [36m0.05090[0m     0.05074    1.00310  86.13s
     45     0.05117     0.05072    1.00889  86.03s
     46     0.05109     [32m0.05071[0m    1.00744  86.07s
     47     0.05113     [32m0.05071[0m    1.00828  86.11s
     48     0.05120     [32m0.05069[0m    1.00995  86.10s
     49     0.05120     [32m0.05068[0m    1.01018  86.13s
     50     0.05122     [32m0.05067[0m    1.01083  86.13s
     51     0.05100     0.05068    1.00636  86.11s
     52     0.05108     [32m0.05067[0m    1.00811  86.15s
     53     0.05104     [32m0.05067[0m    1.00723  86.07s
     54     0.05110     [32m0.05065[0m    1.00875  86.08s
     55     0.05097     [32m0.05065[0m    1.00627  86.09s
     56     0.05100     [32m0.05064[0m    1.00706  86.09s
     57     0.05099     [32m0.05062[0m    1.00725  86.12s
     58     0.05097     0.05064    1.00647  86.13s
     59     0.05104     [32m0.05062[0m    1.00836  86.15s
     60     0.05116     [32m0.05061[0m    1.01082  86.15s
     61     0.05103     [32m0.05061[0m    1.00834  86.07s
     62     0.05105     [32m0.05059[0m    1.00905  86.08s
     63     0.05116     [32m0.05059[0m    1.01137  86.08s
     64     0.05094     [32m0.05058[0m    1.00714  86.09s
     65     0.05104     [32m0.05057[0m    1.00923  86.07s
     66     0.05095     0.05058    1.00726  86.13s
     67     0.05101     [32m0.05057[0m    1.00866  86.05s
     68     [36m0.05086[0m     0.05058    1.00562  86.11s
     69     0.05089     [32m0.05056[0m    1.00650  86.12s
     70     0.05091     [32m0.05055[0m    1.00703  86.09s
     71     [36m0.05085[0m     0.05056    1.00573  86.09s
     72     0.05091     0.05055    1.00696  86.04s
     73     0.05097     [32m0.05054[0m    1.00843  86.07s
     74     0.05091     [32m0.05054[0m    1.00723  86.07s
     75     0.05089     [32m0.05053[0m    1.00702  86.03s
     76     [36m0.05075[0m     [32m0.05053[0m    1.00446  86.05s
     77     0.05089     [32m0.05053[0m    1.00719  86.04s
     78     0.05076     [32m0.05052[0m    1.00471  86.08s
     79     0.05080     [32m0.05051[0m    1.00570  86.07s
     80     0.05100     [32m0.05051[0m    1.00974  86.05s
     81     0.05098     [32m0.05049[0m    1.00987  86.06s
     82     0.05084     0.05049    1.00695  86.11s
     83     0.05086     0.05049    1.00729  86.06s
     84     0.05079     0.05049    1.00594  86.08s
     85     0.05086     [32m0.05048[0m    1.00765  86.10s
     86     0.05089     0.05048    1.00814  86.15s
     87     [36m0.05072[0m     [32m0.05048[0m    1.00492  86.14s
     88     0.05086     [32m0.05046[0m    1.00784  86.10s
     89     0.05078     0.05047    1.00618  86.11s
     90     [36m0.05071[0m     0.05046    1.00486  86.18s
     91     0.05076     [32m0.05046[0m    1.00594  86.11s
     92     0.05084     [32m0.05046[0m    1.00767  86.08s
     93     0.05084     [32m0.05045[0m    1.00777  86.09s
     94     [36m0.05071[0m     0.05045    1.00512  86.11s
     95     0.05075     [32m0.05044[0m    1.00627  86.03s
     96     0.05078     [32m0.05043[0m    1.00684  86.05s
     97     [36m0.05068[0m     0.05043    1.00490  86.11s
     98     0.05069     [32m0.05043[0m    1.00527  86.05s
     99     0.05084     [32m0.05042[0m    1.00828  86.08s
    100     0.05075     [32m0.05041[0m    1.00665  86.07s
    101     0.05069     [32m0.05041[0m    1.00554  86.11s
    102     0.05077     [32m0.05040[0m    1.00722  86.12s
    103     [36m0.05062[0m     0.05041    1.00431  86.06s
    104     [36m0.05053[0m     [32m0.05040[0m    1.00261  86.03s
    105     0.05066     [32m0.05039[0m    1.00517  86.09s
    106     0.05062     [32m0.05039[0m    1.00441  86.07s
    107     0.05066     [32m0.05039[0m    1.00534  86.08s
    108     0.05073     [32m0.05038[0m    1.00701  86.09s
    109     0.05075     [32m0.05038[0m    1.00743  86.09s
    110     0.05068     0.05038    1.00593  86.06s
    111     0.05069     [32m0.05037[0m    1.00627  86.07s
    112     0.05071     [32m0.05036[0m    1.00692  86.07s
    113     0.05059     [32m0.05036[0m    1.00463  86.05s
    114     0.05071     [32m0.05035[0m    1.00716  86.07s
    115     0.05071     [32m0.05035[0m    1.00718  86.07s
    116     0.05054     [32m0.05035[0m    1.00375  86.07s
    117     0.05069     [32m0.05034[0m    1.00697  86.02s
    118     0.05057     [32m0.05033[0m    1.00470  86.05s
    119     0.05071     [32m0.05033[0m    1.00754  86.07s
    120     0.05063     [32m0.05033[0m    1.00605  86.09s
    121     0.05056     [32m0.05032[0m    1.00478  86.03s
    122     0.05068     [32m0.05032[0m    1.00711  86.07s
    123     0.05064     [32m0.05031[0m    1.00656  86.08s
    124     0.05060     [32m0.05031[0m    1.00567  86.06s
    125     0.05062     [32m0.05030[0m    1.00625  86.08s
    126     0.05054     0.05030    1.00460  86.09s
    127     0.05064     [32m0.05030[0m    1.00690  86.04s
    128     0.05072     [32m0.05029[0m    1.00844  86.10s
    129     0.05059     [32m0.05029[0m    1.00596  86.08s
    130     0.05062     [32m0.05028[0m    1.00671  86.03s
    131     0.05070     [32m0.05027[0m    1.00842  86.09s
    132     0.05062     [32m0.05027[0m    1.00701  86.10s
    133     0.05063     [32m0.05027[0m    1.00720  86.06s
    134     [36m0.05048[0m     [32m0.05026[0m    1.00438  86.01s
    135     0.05049     [32m0.05026[0m    1.00471  86.02s
    136     0.05054     [32m0.05025[0m    1.00583  86.12s
    137     0.05056     [32m0.05024[0m    1.00623  86.06s
    138     0.05061     [32m0.05024[0m    1.00736  86.03s
    139     [36m0.05042[0m     [32m0.05024[0m    1.00362  86.08s
    140     0.05053     [32m0.05023[0m    1.00596  86.09s
    141     0.05050     [32m0.05022[0m    1.00555  86.10s
    142     0.05053     [32m0.05022[0m    1.00628  86.08s
    143     0.05048     [32m0.05021[0m    1.00526  86.07s
    144     0.05059     [32m0.05021[0m    1.00765  86.09s
    145     0.05053     [32m0.05020[0m    1.00657  86.06s
    146     0.05051     [32m0.05020[0m    1.00629  86.09s
    147     [36m0.05040[0m     [32m0.05019[0m    1.00419  86.09s
    148     0.05045     [32m0.05018[0m    1.00538  86.07s
    149     0.05042     [32m0.05018[0m    1.00478  86.13s
    150     [36m0.05036[0m     [32m0.05017[0m    1.00367  86.03s
    151     0.05044     [32m0.05017[0m    1.00546  86.05s
    152     0.05051     [32m0.05016[0m    1.00705  86.08s
    153     0.05047     [32m0.05016[0m    1.00619  86.07s
    154     0.05044     [32m0.05015[0m    1.00575  86.15s
    155     0.05043     [32m0.05015[0m    1.00576  86.07s
    156     0.05040     [32m0.05014[0m    1.00520  86.08s
    157     [36m0.05035[0m     [32m0.05013[0m    1.00432  86.11s
    158     0.05037     [32m0.05013[0m    1.00479  86.08s
    159     [36m0.05031[0m     [32m0.05012[0m    1.00382  86.11s
    160     0.05041     [32m0.05012[0m    1.00585  86.16s
    161     0.05035     [32m0.05011[0m    1.00473  86.15s
    162     0.05033     [32m0.05010[0m    1.00440  86.10s
    163     [36m0.05031[0m     [32m0.05010[0m    1.00417  86.13s
    164     0.05039     [32m0.05009[0m    1.00595  86.13s
    165     [36m0.05023[0m     [32m0.05008[0m    1.00294  86.12s
    166     0.05028     [32m0.05008[0m    1.00412  86.07s
    167     0.05037     [32m0.05007[0m    1.00593  86.10s
    168     0.05027     [32m0.05006[0m    1.00410  86.15s
    169     0.05029     [32m0.05006[0m    1.00476  86.11s
    170     0.05031     [32m0.05005[0m    1.00526  86.10s
    171     [36m0.05021[0m     [32m0.05004[0m    1.00340  86.09s
    172     0.05031     [32m0.05004[0m    1.00535  86.14s
    173     0.05021     [32m0.05003[0m    1.00371  86.15s
    174     [36m0.05017[0m     [32m0.05002[0m    1.00306  86.13s
    175     0.05035     [32m0.05001[0m    1.00668  86.08s
    176     0.05027     [32m0.05001[0m    1.00519  86.12s
    177     0.05019     [32m0.05000[0m    1.00391  86.16s
    178     0.05018     [32m0.04999[0m    1.00370  86.25s
    179     [36m0.05011[0m     [32m0.04998[0m    1.00271  86.13s
    180     0.05022     [32m0.04997[0m    1.00501  86.12s
    181     0.05030     [32m0.04996[0m    1.00670  86.09s
    182     0.05015     [32m0.04995[0m    1.00383  86.08s
    183     0.05022     [32m0.04995[0m    1.00537  86.09s
    184     [36m0.05008[0m     [32m0.04994[0m    1.00289  86.13s
    185     0.05026     [32m0.04993[0m    1.00653  86.11s
    186     [36m0.05007[0m     [32m0.04992[0m    1.00295  86.19s
    187     [36m0.05007[0m     [32m0.04991[0m    1.00309  86.16s
    188     0.05009     [32m0.04990[0m    1.00377  86.12s
    189     0.05011     [32m0.04989[0m    1.00438  86.19s
    190     0.05022     [32m0.04989[0m    1.00675  86.08s
    191     [36m0.05006[0m     [32m0.04988[0m    1.00363  86.12s
    192     [36m0.04998[0m     [32m0.04987[0m    1.00222  86.08s
    193     0.05008     [32m0.04986[0m    1.00444  86.05s
    194     0.05009     [32m0.04985[0m    1.00489  86.18s
    195     0.05003     [32m0.04984[0m    1.00385  86.11s
    196     0.05005     [32m0.04983[0m    1.00452  86.15s
    197     0.05007     [32m0.04982[0m    1.00505  86.18s
    198     0.05011     [32m0.04981[0m    1.00612  86.10s
    199     [36m0.04996[0m     [32m0.04980[0m    1.00326  86.11s
    200     0.05000     [32m0.04979[0m    1.00430  86.09s
    201     [36m0.04993[0m     [32m0.04977[0m    1.00310  86.09s
    202     0.04995     [32m0.04976[0m    1.00377  86.11s
    203     0.05004     [32m0.04975[0m    1.00570  86.05s
    204     [36m0.04989[0m     [32m0.04975[0m    1.00291  86.09s
    205     0.04995     [32m0.04973[0m    1.00444  86.12s
    206     0.04996     [32m0.04972[0m    1.00485  86.06s
    207     0.04991     [32m0.04971[0m    1.00400  86.07s
    208     0.04992     [32m0.04970[0m    1.00448  86.08s
    209     [36m0.04986[0m     [32m0.04969[0m    1.00349  86.06s
    210     0.04992     [32m0.04968[0m    1.00478  86.09s
    211     0.04989     [32m0.04967[0m    1.00439  86.08s
    212     0.04989     [32m0.04965[0m    1.00470  86.05s
    213     0.04988     [32m0.04965[0m    1.00465  86.09s
    214     0.04988     [32m0.04962[0m    1.00525  86.05s
    215     [36m0.04974[0m     [32m0.04962[0m    1.00254  86.07s
    216     0.04983     [32m0.04960[0m    1.00468  86.10s
    217     0.04980     [32m0.04959[0m    1.00422  86.07s
    218     0.04983     [32m0.04958[0m    1.00506  86.18s
    219     [36m0.04970[0m     [32m0.04955[0m    1.00292  86.08s
    220     0.04975     [32m0.04954[0m    1.00416  86.07s
    221     0.04972     [32m0.04953[0m    1.00370  86.10s
    222     0.04970     [32m0.04952[0m    1.00367  86.09s
    223     0.04974     [32m0.04949[0m    1.00500  86.10s
    224     [36m0.04956[0m     [32m0.04949[0m    1.00148  86.06s
    225     0.04971     [32m0.04947[0m    1.00494  86.08s
    226     0.04960     [32m0.04946[0m    1.00283  86.10s
    227     0.04959     [32m0.04945[0m    1.00269  86.07s
    228     0.04961     [32m0.04942[0m    1.00371  86.08s
    229     [36m0.04955[0m     [32m0.04941[0m    1.00295  86.08s
    230     0.04959     [32m0.04940[0m    1.00396  86.09s
    231     [36m0.04951[0m     [32m0.04937[0m    1.00270  86.11s
    232     0.04965     [32m0.04937[0m    1.00569  86.08s
    233     [36m0.04946[0m     [32m0.04934[0m    1.00244  86.07s
    234     0.04947     [32m0.04933[0m    1.00287  86.08s
    235     0.04952     [32m0.04930[0m    1.00432  86.11s
    236     [36m0.04945[0m     [32m0.04928[0m    1.00345  86.07s
    237     [36m0.04937[0m     [32m0.04926[0m    1.00227  86.09s
    238     0.04954     [32m0.04925[0m    1.00595  86.08s
    239     [36m0.04936[0m     [32m0.04923[0m    1.00273  86.10s
    240     0.04939     [32m0.04921[0m    1.00366  86.06s
    241     0.04942     [32m0.04918[0m    1.00495  86.10s
    242     [36m0.04936[0m     [32m0.04916[0m    1.00412  86.11s
    243     [36m0.04935[0m     [32m0.04914[0m    1.00422  86.08s
    244     [36m0.04928[0m     [32m0.04912[0m    1.00325  86.18s
    245     [36m0.04927[0m     [32m0.04911[0m    1.00329  86.10s
    246     [36m0.04926[0m     [32m0.04907[0m    1.00379  86.14s
    247     0.04932     [32m0.04906[0m    1.00536  86.12s
    248     [36m0.04919[0m     [32m0.04905[0m    1.00289  86.06s
    249     0.04927     [32m0.04902[0m    1.00503  86.09s
    250     0.04922     [32m0.04898[0m    1.00489  86.12s
    251     [36m0.04916[0m     [32m0.04897[0m    1.00398  86.09s
    252     [36m0.04909[0m     [32m0.04893[0m    1.00319  86.10s
    253     0.04917     [32m0.04892[0m    1.00503  86.03s
    254     [36m0.04906[0m     [32m0.04890[0m    1.00329  86.09s
    255     [36m0.04900[0m     [32m0.04886[0m    1.00275  86.09s
    256     [36m0.04898[0m     [32m0.04884[0m    1.00301  86.09s
    257     [36m0.04895[0m     [32m0.04880[0m    1.00306  86.08s
    258     [36m0.04891[0m     [32m0.04877[0m    1.00274  86.06s
    259     0.04897     [32m0.04874[0m    1.00472  86.07s
    260     0.04895     [32m0.04873[0m    1.00467  86.09s
    261     0.04895     [32m0.04871[0m    1.00482  86.08s
    262     [36m0.04883[0m     [32m0.04867[0m    1.00339  86.05s
    263     [36m0.04880[0m     [32m0.04864[0m    1.00327  86.12s
    264     0.04882     [32m0.04860[0m    1.00454  86.08s
    265     0.04885     [32m0.04856[0m    1.00593  86.07s
    266     [36m0.04878[0m     [32m0.04854[0m    1.00488  86.07s
    267     [36m0.04872[0m     [32m0.04852[0m    1.00403  86.06s
    268     [36m0.04870[0m     [32m0.04847[0m    1.00474  86.10s
    269     0.04876     [32m0.04846[0m    1.00615  86.01s
    270     [36m0.04862[0m     [32m0.04842[0m    1.00420  86.04s
    271     [36m0.04860[0m     [32m0.04839[0m    1.00447  86.05s
    272     [36m0.04859[0m     [32m0.04836[0m    1.00473  86.07s
    273     0.04866     [32m0.04834[0m    1.00665  86.10s
    274     [36m0.04853[0m     [32m0.04827[0m    1.00527  86.08s
    275     [36m0.04852[0m     [32m0.04825[0m    1.00573  86.09s
    276     [36m0.04837[0m     [32m0.04822[0m    1.00322  86.11s
    277     0.04838     [32m0.04818[0m    1.00402  86.08s
    278     [36m0.04835[0m     [32m0.04813[0m    1.00455  86.12s
    279     0.04842     [32m0.04811[0m    1.00653  86.12s
    280     [36m0.04832[0m     [32m0.04808[0m    1.00513  86.11s
    281     0.04839     [32m0.04805[0m    1.00688  86.16s
    282     0.04836     [32m0.04799[0m    1.00774  86.05s
    283     0.04833     [32m0.04797[0m    1.00753  86.06s
    284     [36m0.04826[0m     [32m0.04793[0m    1.00697  86.09s
    285     [36m0.04818[0m     [32m0.04788[0m    1.00611  86.04s
    286     [36m0.04814[0m     [32m0.04784[0m    1.00628  86.09s
    287     [36m0.04807[0m     [32m0.04783[0m    1.00515  86.12s
    288     [36m0.04802[0m     [32m0.04775[0m    1.00559  86.13s
    289     [36m0.04801[0m     [32m0.04774[0m    1.00577  86.14s
    290     0.04804     [32m0.04771[0m    1.00683  86.11s
    291     [36m0.04799[0m     [32m0.04767[0m    1.00669  86.06s
    292     [36m0.04787[0m     [32m0.04762[0m    1.00527  86.09s
    293     [36m0.04776[0m     [32m0.04756[0m    1.00424  86.09s
    294     0.04781     [32m0.04754[0m    1.00565  86.07s
    295     0.04780     [32m0.04752[0m    1.00582  86.12s
    296     [36m0.04761[0m     [32m0.04743[0m    1.00376  86.13s
    297     0.04762     [32m0.04742[0m    1.00421  86.23s
    298     0.04766     [32m0.04736[0m    1.00623  86.10s
    299     [36m0.04750[0m     [32m0.04731[0m    1.00415  86.15s
    300     [36m0.04746[0m     [32m0.04726[0m    1.00425  86.12s
    301     0.04754     [32m0.04719[0m    1.00745  86.07s
    302     0.04748     0.04723    1.00543  86.08s
    303     [36m0.04738[0m     [32m0.04711[0m    1.00571  86.11s
    304     0.04746     0.04714    1.00678  86.07s
    305     [36m0.04720[0m     [32m0.04702[0m    1.00388  86.13s
    306     0.04726     0.04702    1.00509  86.12s
    307     [36m0.04716[0m     [32m0.04697[0m    1.00408  86.12s
    308     0.04719     0.04703    1.00341  86.14s
    309     [36m0.04713[0m     [32m0.04690[0m    1.00492  86.10s
    310     [36m0.04702[0m     [32m0.04681[0m    1.00447  86.08s
    311     [36m0.04696[0m     0.04687    1.00193  86.06s
    312     [36m0.04686[0m     [32m0.04678[0m    1.00178  86.06s
    313     0.04693     0.04686    1.00145  86.13s
    314     [36m0.04684[0m     [32m0.04678[0m    1.00135  86.10s
    315     [36m0.04682[0m     [32m0.04666[0m    1.00343  86.09s
    316     0.04685     [32m0.04665[0m    1.00429  86.10s
    317     [36m0.04663[0m     [32m0.04648[0m    1.00314  86.11s
    318     [36m0.04660[0m     [32m0.04639[0m    1.00446  86.10s
    319     [36m0.04653[0m     [32m0.04638[0m    1.00323  86.06s
    320     0.04673     [32m0.04636[0m    1.00791  86.04s
    321     [36m0.04643[0m     [32m0.04634[0m    1.00209  86.09s
    322     [36m0.04642[0m     [32m0.04619[0m    1.00489  86.11s
    323     [36m0.04638[0m     [32m0.04611[0m    1.00577  86.14s
    324     [36m0.04630[0m     [32m0.04607[0m    1.00511  86.10s
    325     0.04633     [32m0.04601[0m    1.00676  86.10s
    326     [36m0.04619[0m     0.04604    1.00317  86.11s
    327     [36m0.04610[0m     [32m0.04595[0m    1.00329  86.07s
    328     [36m0.04608[0m     [32m0.04580[0m    1.00604  86.11s
    329     [36m0.04602[0m     [32m0.04576[0m    1.00570  86.04s
    330     [36m0.04594[0m     [32m0.04573[0m    1.00446  86.03s
    331     0.04601     [32m0.04552[0m    1.01082  86.10s
    332     [36m0.04571[0m     [32m0.04548[0m    1.00500  86.01s
    333     0.04577     [32m0.04541[0m    1.00780  86.04s
    334     0.04572     [32m0.04532[0m    1.00874  86.08s
    335     [36m0.04553[0m     0.04533    1.00444  86.07s
    336     0.04563     [32m0.04519[0m    1.00966  86.04s
    337     [36m0.04552[0m     0.04532    1.00437  86.07s
    338     [36m0.04540[0m     0.04523    1.00362  86.08s
    339     [36m0.04523[0m     [32m0.04508[0m    1.00340  86.06s
    340     [36m0.04523[0m     [32m0.04497[0m    1.00586  86.01s
    341     0.04528     0.04500    1.00613  86.03s
    342     [36m0.04507[0m     [32m0.04472[0m    1.00789  86.10s
    343     0.04510     0.04485    1.00560  86.06s
    344     [36m0.04493[0m     [32m0.04469[0m    1.00542  86.08s
    345     [36m0.04489[0m     [32m0.04453[0m    1.00804  86.08s
    346     0.04492     [32m0.04450[0m    1.00947  86.01s
    347     [36m0.04480[0m     [32m0.04441[0m    1.00873  86.07s
    348     [36m0.04466[0m     0.04443    1.00508  86.02s
    349     [36m0.04452[0m     0.04448    1.00077  86.05s
    350     0.04454     [32m0.04406[0m    1.01093  86.06s
    351     [36m0.04450[0m     [32m0.04402[0m    1.01103  86.05s
    352     [36m0.04445[0m     0.04415    1.00680  86.08s
    353     [36m0.04431[0m     [32m0.04395[0m    1.00826  86.07s
    354     [36m0.04420[0m     0.04415    1.00110  86.05s
    355     [36m0.04412[0m     [32m0.04376[0m    1.00829  86.06s
    356     [36m0.04404[0m     [32m0.04349[0m    1.01255  86.02s
    357     [36m0.04391[0m     [32m0.04337[0m    1.01258  86.04s
    358     [36m0.04380[0m     0.04357    1.00523  86.00s
    359     0.04382     0.04344    1.00874  86.04s
    360     0.04381     0.04375    1.00122  86.08s
    361     [36m0.04370[0m     [32m0.04318[0m    1.01214  86.03s
    362     [36m0.04352[0m     [32m0.04296[0m    1.01295  86.05s
    363     [36m0.04333[0m     0.04311    1.00515  86.04s
    364     0.04342     0.04313    1.00691  86.03s
    365     [36m0.04317[0m     [32m0.04292[0m    1.00583  86.06s
    366     [36m0.04317[0m     0.04304    1.00311  86.08s
    367     0.04322     [32m0.04272[0m    1.01166  86.05s
    368     [36m0.04301[0m     [32m0.04220[0m    1.01930  86.07s
    369     [36m0.04293[0m     [32m0.04214[0m    1.01868  86.05s
    370     [36m0.04286[0m     [32m0.04184[0m    1.02433  86.05s
    371     [36m0.04270[0m     0.04227    1.01021  86.00s
    372     0.04272     0.04240    1.00770  86.02s
    373     [36m0.04253[0m     [32m0.04168[0m    1.02051  86.11s
    374     [36m0.04236[0m     [32m0.04116[0m    1.02896  86.06s
    375     [36m0.04234[0m     0.04214    1.00488  86.03s
    376     [36m0.04227[0m     0.04153    1.01797  86.06s
    377     [36m0.04220[0m     [32m0.04106[0m    1.02790  86.04s
    378     [36m0.04204[0m     0.04106    1.02365  86.06s
    379     [36m0.04197[0m     0.04123    1.01795  86.03s
    380     0.04202     [32m0.04082[0m    1.02947  86.08s
    381     0.04199     [32m0.04062[0m    1.03360  86.05s
    382     [36m0.04186[0m     [32m0.04053[0m    1.03276  86.04s
    383     0.04195     0.04076    1.02911  86.06s
    384     [36m0.04171[0m     0.04062    1.02681  86.03s
    385     0.04172     0.04065    1.02633  86.05s
    386     [36m0.04154[0m     [32m0.03982[0m    1.04312  86.10s
    387     [36m0.04139[0m     0.04053    1.02126  86.04s
    388     0.04164     [32m0.03963[0m    1.05079  86.11s
    389     0.04157     0.04029    1.03167  86.03s
    390     0.04165     0.03980    1.04655  86.02s
    391     [36m0.04129[0m     0.04159    0.99286  86.10s
    392     [36m0.04105[0m     [32m0.03905[0m    1.05139  86.06s
    393     [36m0.04097[0m     0.03972    1.03133  86.10s
    394     0.04099     [32m0.03877[0m    1.05748  86.02s
    395     0.04156     0.03961    1.04916  86.02s
    396     0.04104     [32m0.03865[0m    1.06187  86.11s
    397     0.04185     0.04009    1.04378  86.04s
    398     0.04113     [32m0.03862[0m    1.06507  86.07s
    399     0.04122     0.04066    1.01389  86.05s
    400     0.04106     [32m0.03824[0m    1.07361  86.07s
    401     0.04151     0.03950    1.05108  86.06s
    402     0.04121     0.04004    1.02929  86.06s
    403     [36m0.04095[0m     0.03943    1.03856  86.04s
    404     0.04138     0.04114    1.00580  86.05s
    405     [36m0.04063[0m     [32m0.03815[0m    1.06497  86.08s
    406     [36m0.04054[0m     0.03826    1.05950  86.13s
    407     0.04054     [32m0.03783[0m    1.07184  86.05s
    408     [36m0.04041[0m     0.03901    1.03580  86.05s
    409     [36m0.04000[0m     [32m0.03707[0m    1.07917  86.13s
    410     0.04092     0.03755    1.08974  86.02s
    411     [36m0.03999[0m     0.03755    1.06503  86.07s
    412     [36m0.03996[0m     0.03841    1.04029  86.02s
    413     0.04125     0.03996    1.03227  86.05s
    414     0.04017     0.03823    1.05069  86.05s
    415     0.04118     0.03796    1.08489  86.02s
    416     0.04043     0.03712    1.08903  86.03s
    417     0.04063     0.03882    1.04674  86.02s
    418     0.04001     0.03741    1.06944  86.06s
    419     [36m0.03988[0m     [32m0.03680[0m    1.08376  86.15s
    420     0.04080     0.03714    1.09860  86.06s
    421     0.03991     0.03869    1.03135  86.07s
    422     [36m0.03891[0m     0.03731    1.04289  86.06s
    423     0.03964     [32m0.03578[0m    1.10764  86.02s
    424     [36m0.03887[0m     0.03614    1.07555  86.03s
    425     0.03895     [32m0.03563[0m    1.09313  86.07s
    426     0.03940     0.03641    1.08213  86.07s
    427     0.03958     0.03827    1.03424  86.11s
    428     [36m0.03869[0m     0.03912    0.98896  86.07s
    429     0.03894     0.03687    1.05613  86.10s
    430     0.03974     0.03590    1.10707  86.06s
    431     [36m0.03842[0m     0.03587    1.07118  86.06s
    432     [36m0.03810[0m     0.03609    1.05558  86.05s
    433     0.03913     0.05909    0.66231  86.01s
    434     0.03840     [32m0.03516[0m    1.09199  86.14s
    435     0.03900     0.03694    1.05568  86.05s
    436     0.03904     0.03648    1.06996  86.12s
    437     0.03841     0.03661    1.04912  86.10s
    438     [36m0.03795[0m     0.03605    1.05268  86.02s
    439     0.03907     0.03890    1.00426  86.12s
    440     0.03873     0.03594    1.07753  86.03s
    441     0.03884     0.03742    1.03793  86.05s
    442     [36m0.03718[0m     [32m0.03416[0m    1.08822  86.10s
    443     0.03824     0.03454    1.10696  86.10s
    444     [36m0.03681[0m     0.03585    1.02688  86.13s
    445     0.03791     0.03629    1.04475  86.05s
    446     0.03807     0.03741    1.01764  86.03s
    447     0.03840     0.03492    1.09966  86.09s
    448     0.03792     0.03538    1.07177  86.10s
    449     0.03765     0.03472    1.08441  86.08s
    450     [36m0.03676[0m     0.03466    1.06080  86.15s
    451     0.03816     0.03659    1.04294  86.10s
    452     [36m0.03642[0m     0.03490    1.04367  86.11s
    453     [36m0.03641[0m     0.03422    1.06375  86.04s
    454     0.03680     0.03555    1.03499  86.03s
    455     0.03762     0.03619    1.03954  86.10s
    456     0.03660     [32m0.03396[0m    1.07788  86.04s
    457     [36m0.03586[0m     [32m0.03313[0m    1.08229  86.06s
    458     0.03660     0.03385    1.08140  86.08s
    459     0.03592     [32m0.03308[0m    1.08580  86.05s
    460     0.03804     0.03681    1.03350  86.13s
    461     0.03702     0.03318    1.11571  86.06s
    462     0.03659     0.03940    0.92860  86.08s
    463     0.03634     0.03759    0.96671  86.10s
    464     [36m0.03556[0m     [32m0.03260[0m    1.09080  86.03s
    465     [36m0.03491[0m     0.03357    1.03993  86.04s
    466     0.03563     [32m0.03245[0m    1.09781  86.02s
    467     0.03540     0.03334    1.06173  86.03s
    468     0.03524     0.03623    0.97265  86.09s
    469     0.03582     0.04215    0.84987  86.09s
    470     0.03587     0.03721    0.96395  86.11s
    471     0.03568     0.03543    1.00718  86.06s
    472     0.03564     0.03864    0.92250  86.03s
    473     0.03500     0.03338    1.04834  86.00s
    474     [36m0.03460[0m     0.03445    1.00430  86.03s
    475     [36m0.03458[0m     0.03416    1.01226  86.06s
    476     0.03473     0.03318    1.04665  86.05s
    477     0.03461     0.03459    1.00036  86.07s
    478     0.03467     0.03366    1.02992  86.13s
    479     [36m0.03444[0m     0.03413    1.00930  86.10s
    480     [36m0.03438[0m     0.03314    1.03737  86.12s
    481     0.03474     0.03605    0.96363  86.01s
    482     0.03465     [32m0.03237[0m    1.07044  86.01s
    483     0.03520     0.03697    0.95195  86.05s
    484     0.03456     0.03331    1.03757  86.05s
    485     0.03444     0.03437    1.00200  86.12s
    486     [36m0.03427[0m     0.03451    0.99292  86.05s
    487     [36m0.03413[0m     0.03363    1.01465  86.06s
    488     0.03419     0.03419    1.00001  86.10s
    489     [36m0.03387[0m     [32m0.03116[0m    1.08690  86.09s
    490     0.03429     [32m0.03115[0m    1.10086  86.06s
    491     0.03467     0.04122    0.84105  86.03s
    492     0.03408     0.03166    1.07670  86.01s
    493     [36m0.03349[0m     0.03222    1.03944  86.06s
    494     0.03360     0.03132    1.07291  86.04s
    495     0.03376     [32m0.03105[0m    1.08721  86.06s
    496     0.03353     0.03258    1.02917  86.12s
    497     [36m0.03334[0m     [32m0.03068[0m    1.08653  86.06s
    498     [36m0.03332[0m     0.03141    1.06081  86.13s
    499     [36m0.03314[0m     [32m0.03059[0m    1.08308  86.08s
    500     0.03334     0.03309    1.00762  86.07s
    501     0.03349     0.03311    1.01143  86.06s
    502     0.03335     0.03217    1.03654  86.03s
    503     0.03345     0.03116    1.07352  86.05s
    504     [36m0.03301[0m     [32m0.03054[0m    1.08087  86.04s
    505     0.03325     0.03244    1.02499  86.12s
    506     0.03309     [32m0.03048[0m    1.08556  86.15s
    507     [36m0.03285[0m     0.03071    1.06953  86.13s
    508     0.03307     [32m0.03038[0m    1.08880  86.11s
    509     0.03301     0.03071    1.07490  86.09s
    510     [36m0.03279[0m     [32m0.03011[0m    1.08900  86.09s
    511     [36m0.03270[0m     0.03082    1.06088  86.12s
    512     [36m0.03268[0m     0.03020    1.08203  86.12s
    513     0.03295     0.03257    1.01167  86.15s
    514     [36m0.03261[0m     0.03022    1.07906  86.20s
    515     [36m0.03252[0m     0.03030    1.07328  86.10s
    516     [36m0.03246[0m     0.03064    1.05949  86.15s
    517     [36m0.03229[0m     0.03015    1.07093  86.09s
    518     0.03244     0.03147    1.03109  86.06s
    519     [36m0.03228[0m     0.03054    1.05711  86.08s
    520     [36m0.03200[0m     0.03097    1.03325  86.06s
    521     0.03216     0.03024    1.06356  86.14s
    522     0.03206     [32m0.03007[0m    1.06593  86.20s
    523     0.03202     0.03023    1.05941  86.09s
    524     0.03203     [32m0.02969[0m    1.07855  86.15s
    525     0.03214     0.03040    1.05732  86.08s
    526     0.03201     0.03018    1.06084  86.12s
    527     [36m0.03167[0m     0.03108    1.01886  86.08s
    528     0.03184     0.03035    1.04899  86.03s
    529     [36m0.03158[0m     0.03034    1.04092  86.13s
    530     0.03163     0.03155    1.00266  86.10s
    531     0.03162     [32m0.02931[0m    1.07883  86.03s
    532     0.03179     0.03050    1.04251  86.07s
    533     0.03164     0.03030    1.04430  86.05s
    534     [36m0.03150[0m     0.02988    1.05439  86.10s
    535     [36m0.03135[0m     0.02967    1.05659  86.12s
    536     [36m0.03112[0m     0.03001    1.03703  86.09s
    537     0.03123     0.03038    1.02794  86.14s
    538     0.03141     0.02969    1.05799  86.14s
    539     0.03117     0.02979    1.04643  86.14s
    540     [36m0.03098[0m     0.03042    1.01844  86.13s
    541     0.03132     0.02981    1.05065  86.07s
    542     0.03125     0.02944    1.06165  86.11s
    543     [36m0.03088[0m     0.02934    1.05242  86.05s
    544     0.03088     0.02990    1.03284  86.10s
    545     0.03094     0.02937    1.05335  86.16s
    546     0.03093     0.02952    1.04760  86.13s
    547     0.03108     [32m0.02866[0m    1.08455  86.17s
    548     0.03090     0.02931    1.05419  86.11s
    549     [36m0.03086[0m     0.02923    1.05570  86.05s
    550     [36m0.03053[0m     [32m0.02864[0m    1.06594  86.11s
    551     0.03088     0.02910    1.06124  86.03s
    552     [36m0.03036[0m     0.02933    1.03534  86.11s
    553     0.03049     0.02929    1.04124  86.11s
    554     0.03051     0.02894    1.05413  86.15s
    555     [36m0.03035[0m     [32m0.02843[0m    1.06764  86.14s
    556     0.03046     0.02873    1.05996  86.08s
    557     0.03041     0.02931    1.03763  86.11s
    558     [36m0.03017[0m     0.02869    1.05169  86.12s
    559     [36m0.03010[0m     [32m0.02841[0m    1.05954  86.05s
    560     0.03012     [32m0.02801[0m    1.07506  86.08s
    561     [36m0.02998[0m     0.02860    1.04810  86.12s
    562     0.03000     0.02850    1.05266  86.13s
    563     0.03001     0.02821    1.06408  86.17s
    564     0.03005     0.02803    1.07203  86.13s
    565     0.03001     0.02808    1.06880  86.13s
    566     [36m0.02988[0m     [32m0.02786[0m    1.07227  86.07s
    567     [36m0.02980[0m     0.02791    1.06739  86.05s
    568     [36m0.02963[0m     0.02854    1.03813  86.10s
    569     [36m0.02958[0m     [32m0.02782[0m    1.06330  86.01s
    570     0.02988     [32m0.02773[0m    1.07745  86.05s
    571     [36m0.02950[0m     0.02793    1.05607  86.05s
    572     0.02961     [32m0.02768[0m    1.06959  86.11s
    573     [36m0.02939[0m     0.02866    1.02541  86.12s
    574     0.02953     [32m0.02758[0m    1.07096  86.14s
    575     [36m0.02939[0m     0.02782    1.05617  86.13s
    576     [36m0.02924[0m     0.02801    1.04425  86.13s
    577     [36m0.02924[0m     [32m0.02754[0m    1.06191  86.12s
    578     [36m0.02924[0m     0.02780    1.05185  86.11s
    579     [36m0.02922[0m     0.02795    1.04571  86.06s
    580     0.02934     0.02802    1.04710  86.05s
    581     [36m0.02906[0m     0.02794    1.04010  86.08s
    582     0.02929     [32m0.02745[0m    1.06699  86.09s
    583     [36m0.02905[0m     [32m0.02740[0m    1.06001  86.08s
    584     0.02917     0.02750    1.06081  86.10s
    585     0.02910     [32m0.02705[0m    1.07601  86.05s
    586     [36m0.02883[0m     0.02725    1.05807  86.07s
    587     0.02887     [32m0.02693[0m    1.07205  86.04s
    588     0.02898     [32m0.02683[0m    1.08017  85.98s
    589     [36m0.02871[0m     0.02713    1.05813  86.05s
    590     0.02872     0.02742    1.04738  86.02s
    591     0.02871     [32m0.02681[0m    1.07099  86.06s
    592     [36m0.02867[0m     0.02715    1.05594  86.00s
    593     [36m0.02837[0m     0.02692    1.05377  86.00s
    594     0.02861     0.02682    1.06681  86.16s
    595     0.02847     0.02748    1.03595  86.07s
    596     0.02853     0.02687    1.06147  86.09s
    597     0.02848     [32m0.02680[0m    1.06253  86.06s
    598     0.02857     [32m0.02664[0m    1.07263  86.09s
    599     [36m0.02833[0m     0.02678    1.05795  86.03s
    600     0.02835     0.02680    1.05781  86.05s
Best valid loss: 0.0266380083351
Mean squared error:
0.0249976
R2 score:
0.505592951151
Median absolute error:
0.0938054
Testing set done.
 
TACC: Shutdown complete. Exiting.
